Using pre-set license
Built from '2020.3/release' branch; Version is '2020.3.15f2 (6cf78cb77498) revision 7141260'; Using compiler version '192528614'; Build Type 'Release'
OS: 'Windows 10 Home; OS build 19043.1165; Version 2009; 64bit' Language: 'en' Physical Memory: 16338 MB
BatchMode: 1, IsHumanControllingUs: 0, StartBugReporterOnCrash: 0, Is64bit: 1, IsPro: 0

 COMMAND LINE ARGUMENTS:
D:\Programs\Unity\Editor\2020.3.15f2\Editor\Unity.exe
-adb2
-batchMode
-noUpm
-name
AssetImportWorker0
-projectPath
D:/Programs/Unity/Projects/Build App
-logFile
Logs/AssetImportWorker0.log
-srvPort
11552
Successfully changed project path to: D:/Programs/Unity/Projects/Build App
D:/Programs/Unity/Projects/Build App
Using Asset Import Pipeline V2.
Refreshing native plugins compatible for Editor in 27.16 ms, found 2 plugins.
Preloading 0 native plugins for Editor in 0.00 ms.
Initialize engine version: 2020.3.15f2 (6cf78cb77498)
[Subsystems] Discovering subsystems at path D:/Programs/Unity/Editor/2020.3.15f2/Editor/Data/Resources/UnitySubsystems
[Subsystems] Discovering subsystems at path D:/Programs/Unity/Projects/Build App/Assets
GfxDevice: creating device client; threaded=0
Direct3D:
    Version:  Direct3D 11.0 [level 11.1]
    Renderer: NVIDIA GeForce GTX 1060 6GB (ID=0x1c03)
    Vendor:   
    VRAM:     6052 MB
    Driver:   30.0.14.7168
Initialize mono
Mono path[0] = 'D:/Programs/Unity/Editor/2020.3.15f2/Editor/Data/Managed'
Mono path[1] = 'D:/Programs/Unity/Editor/2020.3.15f2/Editor/Data/MonoBleedingEdge/lib/mono/unityjit'
Mono config path = 'D:/Programs/Unity/Editor/2020.3.15f2/Editor/Data/MonoBleedingEdge/etc'
Using monoOptions --debugger-agent=transport=dt_socket,embedding=1,server=y,suspend=n,address=127.0.0.1:56132
Begin MonoManager ReloadAssembly
Registering precompiled unity dll's ...
Register platform support module: D:/Programs/Unity/Editor/2020.3.15f2/Editor/Data/PlaybackEngines/WebGLSupport/UnityEditor.WebGL.Extensions.dll
Register platform support module: D:/Programs/Unity/Editor/2020.3.15f2/Editor/Data/PlaybackEngines/WindowsStandaloneSupport/UnityEditor.WindowsStandalone.Extensions.dll
Registered in 0.001321 seconds.
Native extension for WindowsStandalone target not found
Native extension for WebGL target not found
Refreshing native plugins compatible for Editor in 24.44 ms, found 2 plugins.
Preloading 0 native plugins for Editor in 0.00 ms.
Mono: successfully reloaded assembly
- Completed reload, in  1.318 seconds
Domain Reload Profiling:
	ReloadAssembly (1318ms)
		BeginReloadAssembly (66ms)
			ExecutionOrderSort (0ms)
			DisableScriptedObjects (0ms)
			BackupInstance (0ms)
			ReleaseScriptingObjects (0ms)
			CreateAndSetChildDomain (1ms)
		EndReloadAssembly (399ms)
			LoadAssemblies (67ms)
			RebuildTransferFunctionScriptingTraits (0ms)
			SetupTypeCache (140ms)
			ReleaseScriptCaches (0ms)
			RebuildScriptCaches (32ms)
			SetupLoadedEditorAssemblies (158ms)
				LogAssemblyErrors (0ms)
				InitializePlatformSupportModulesInManaged (5ms)
				SetLoadedEditorAssemblies (0ms)
				RefreshPlugins (25ms)
				BeforeProcessingInitializeOnLoad (15ms)
				ProcessInitializeOnLoadAttributes (86ms)
				ProcessInitializeOnLoadMethodAttributes (28ms)
				AfterProcessingInitializeOnLoad (0ms)
				EditorAssembliesLoaded (0ms)
			ExecutionOrderSort2 (0ms)
			AwakeInstancesAfterBackupRestoration (0ms)
Platform modules already initialized, skipping
Registering precompiled user dll's ...
Registered in 0.003180 seconds.
Begin MonoManager ReloadAssembly
Native extension for WindowsStandalone target not found
Native extension for WebGL target not found
Refreshing native plugins compatible for Editor in 0.29 ms, found 2 plugins.
Preloading 0 native plugins for Editor in 0.00 ms.
Mono: successfully reloaded assembly
- Completed reload, in  1.054 seconds
Domain Reload Profiling:
	ReloadAssembly (1054ms)
		BeginReloadAssembly (155ms)
			ExecutionOrderSort (0ms)
			DisableScriptedObjects (5ms)
			BackupInstance (0ms)
			ReleaseScriptingObjects (0ms)
			CreateAndSetChildDomain (21ms)
		EndReloadAssembly (847ms)
			LoadAssemblies (100ms)
			RebuildTransferFunctionScriptingTraits (0ms)
			SetupTypeCache (259ms)
			ReleaseScriptCaches (0ms)
			RebuildScriptCaches (47ms)
			SetupLoadedEditorAssemblies (376ms)
				LogAssemblyErrors (0ms)
				InitializePlatformSupportModulesInManaged (6ms)
				SetLoadedEditorAssemblies (0ms)
				RefreshPlugins (0ms)
				BeforeProcessingInitializeOnLoad (69ms)
				ProcessInitializeOnLoadAttributes (293ms)
				ProcessInitializeOnLoadMethodAttributes (4ms)
				AfterProcessingInitializeOnLoad (2ms)
				EditorAssembliesLoaded (0ms)
			ExecutionOrderSort2 (0ms)
			AwakeInstancesAfterBackupRestoration (6ms)
Platform modules already initialized, skipping
========================================================================
Worker process is ready to serve import requests
Launched and connected shader compiler UnityShaderCompiler.exe after 0.07 seconds
Refreshing native plugins compatible for Editor in 0.41 ms, found 2 plugins.
Preloading 0 native plugins for Editor in 0.00 ms.
Unloading 1417 Unused Serialized files (Serialized files now loaded: 0)
System memory in use before: 67.6 MB.
System memory in use after: 67.6 MB.

Unloading 19 unused Assets to reduce memory usage. Loaded Objects now: 1850.
Total: 1.758100 ms (FindLiveObjects: 0.143300 ms CreateObjectMapping: 0.050300 ms MarkObjects: 1.494800 ms  DeleteObjects: 0.068600 ms)

AssetImportParameters requested are different than current active one (requested -> active):
  custom:framework-win-MediaFoundation: 216162199b28c13a410421893ffa2e32 -> 
  custom:video-decoder-ogg-theora: a1e56fd34408186e4bbccfd4996cb3dc -> 
  custom:container-muxer-webm: aa71ff27fc2769a1b78a27578f13a17b -> 
  custom:container-demuxer-webm: 4f35f7cbe854078d1ac9338744f61a02 -> 
  custom:container-demuxer-ogg: 62fdf1f143b41e24485cea50d1cbac27 -> 
  custom:video-encoder-webm-vp8: eb34c28f22e8b96e1ab97ce403110664 -> 
  custom:video-decoder-webm-vp8: 9c59270c3fd7afecdb556c50c9e8de78 -> 
  custom:audio-decoder-ogg-vorbis: bf7c407c2cedff20999df2af8eb42d56 -> 
  custom:audio-encoder-webm-vorbis: bf7c407c2cedff20999df2af8eb42d56 -> 
========================================================================
Received Import Request.
  path: Assets/Particles/SlamEffect.prefab
  artifactKey: Guid(b9c400cd622f30e44b58a05057a9b762) Importer(815301076,1909f56bfc062723c751e8b465ee728b)
Start importing Assets/Particles/SlamEffect.prefab using Guid(b9c400cd622f30e44b58a05057a9b762) Importer(815301076,1909f56bfc062723c751e8b465ee728b)  -> (artifact id: 'a6227b41066e265fe7ba2fe3b95a4056') in 0.125922 seconds 
  Import took 0.128333 seconds .

========================================================================
Received Import Request.
  Time since last request: 6.391264 seconds.
  path: Assets/Particles/SlamEffect.prefab
  artifactKey: Guid(b9c400cd622f30e44b58a05057a9b762) Importer(815301076,1909f56bfc062723c751e8b465ee728b)
Start importing Assets/Particles/SlamEffect.prefab using Guid(b9c400cd622f30e44b58a05057a9b762) Importer(815301076,1909f56bfc062723c751e8b465ee728b)  -> (artifact id: '5093ca9bfd993673b2a0580064ab033a') in 0.010580 seconds 
  Import took 0.012944 seconds .

========================================================================
Received Import Request.
  Time since last request: 69.443401 seconds.
  path: Assets/Particles/SlamEffect.prefab
  artifactKey: Guid(b9c400cd622f30e44b58a05057a9b762) Importer(815301076,1909f56bfc062723c751e8b465ee728b)
Start importing Assets/Particles/SlamEffect.prefab using Guid(b9c400cd622f30e44b58a05057a9b762) Importer(815301076,1909f56bfc062723c751e8b465ee728b)  -> (artifact id: '28b3ac92b423981a323f8a592db091bd') in 0.007686 seconds 
  Import took 0.010587 seconds .

========================================================================
Received Import Request.
  Time since last request: 7.315803 seconds.
  path: Assets/Particles/SlamEffect.prefab
  artifactKey: Guid(b9c400cd622f30e44b58a05057a9b762) Importer(815301076,1909f56bfc062723c751e8b465ee728b)
Start importing Assets/Particles/SlamEffect.prefab using Guid(b9c400cd622f30e44b58a05057a9b762) Importer(815301076,1909f56bfc062723c751e8b465ee728b)  -> (artifact id: '4f1dc677cb54ed8bc03457aadb417d7d') in 0.008099 seconds 
  Import took 0.010467 seconds .

========================================================================
Received Import Request.
  Time since last request: 3.233795 seconds.
  path: Assets/Particles/SlamEffect.prefab
  artifactKey: Guid(b9c400cd622f30e44b58a05057a9b762) Importer(815301076,1909f56bfc062723c751e8b465ee728b)
Start importing Assets/Particles/SlamEffect.prefab using Guid(b9c400cd622f30e44b58a05057a9b762) Importer(815301076,1909f56bfc062723c751e8b465ee728b)  -> (artifact id: '888daad58094e7decd7ceb3b6711cf23') in 0.007708 seconds 
  Import took 0.010184 seconds .

========================================================================
Received Import Request.
  Time since last request: 21.341960 seconds.
  path: Assets/Particles/SlamEffect.prefab
  artifactKey: Guid(b9c400cd622f30e44b58a05057a9b762) Importer(815301076,1909f56bfc062723c751e8b465ee728b)
Start importing Assets/Particles/SlamEffect.prefab using Guid(b9c400cd622f30e44b58a05057a9b762) Importer(815301076,1909f56bfc062723c751e8b465ee728b)  -> (artifact id: 'b0ba8a94ce826c208301d1e4bb89cceb') in 0.008286 seconds 
  Import took 0.011273 seconds .

========================================================================
Received Import Request.
  Time since last request: 13.296588 seconds.
  path: Assets/Particles/SlamEffect.prefab
  artifactKey: Guid(b9c400cd622f30e44b58a05057a9b762) Importer(815301076,1909f56bfc062723c751e8b465ee728b)
Start importing Assets/Particles/SlamEffect.prefab using Guid(b9c400cd622f30e44b58a05057a9b762) Importer(815301076,1909f56bfc062723c751e8b465ee728b)  -> (artifact id: 'b7154393a4daf43eed4aaf53c8ee439f') in 0.007968 seconds 
  Import took 0.010582 seconds .

========================================================================
Received Import Request.
  Time since last request: 12.294383 seconds.
  path: Assets/Particles/SlamEffect.prefab
  artifactKey: Guid(b9c400cd622f30e44b58a05057a9b762) Importer(815301076,1909f56bfc062723c751e8b465ee728b)
Start importing Assets/Particles/SlamEffect.prefab using Guid(b9c400cd622f30e44b58a05057a9b762) Importer(815301076,1909f56bfc062723c751e8b465ee728b)  -> (artifact id: 'ee4d15629f66bff2e6ac79b4b065e174') in 0.007547 seconds 
  Import took 0.009943 seconds .

========================================================================
Received Import Request.
  Time since last request: 11.529480 seconds.
  path: Assets/Particles/SlamEffect.prefab
  artifactKey: Guid(b9c400cd622f30e44b58a05057a9b762) Importer(815301076,1909f56bfc062723c751e8b465ee728b)
Start importing Assets/Particles/SlamEffect.prefab using Guid(b9c400cd622f30e44b58a05057a9b762) Importer(815301076,1909f56bfc062723c751e8b465ee728b)  -> (artifact id: '7d1a4b7f99c19fd9ea236f64ec377cb9') in 0.008095 seconds 
  Import took 0.010931 seconds .

========================================================================
Received Import Request.
  Time since last request: 46.724739 seconds.
  path: Assets/Particles/SlamEffect.prefab
  artifactKey: Guid(b9c400cd622f30e44b58a05057a9b762) Importer(815301076,1909f56bfc062723c751e8b465ee728b)
Start importing Assets/Particles/SlamEffect.prefab using Guid(b9c400cd622f30e44b58a05057a9b762) Importer(815301076,1909f56bfc062723c751e8b465ee728b)  -> (artifact id: 'a7672c70c1b8cc8766d5d2d3d3b17fcb') in 0.008235 seconds 
  Import took 0.011505 seconds .

========================================================================
Received Import Request.
  Time since last request: 6.094551 seconds.
  path: Assets/Particles/SlamEffect.prefab
  artifactKey: Guid(b9c400cd622f30e44b58a05057a9b762) Importer(815301076,1909f56bfc062723c751e8b465ee728b)
Start importing Assets/Particles/SlamEffect.prefab using Guid(b9c400cd622f30e44b58a05057a9b762) Importer(815301076,1909f56bfc062723c751e8b465ee728b)  -> (artifact id: '711e524b6d23691a5ec28ac635cea8d0') in 0.010280 seconds 
  Import took 0.012669 seconds .

========================================================================
Received Import Request.
  Time since last request: 2.014067 seconds.
  path: Assets/Particles/SlamEffect.prefab
  artifactKey: Guid(b9c400cd622f30e44b58a05057a9b762) Importer(815301076,1909f56bfc062723c751e8b465ee728b)
Start importing Assets/Particles/SlamEffect.prefab using Guid(b9c400cd622f30e44b58a05057a9b762) Importer(815301076,1909f56bfc062723c751e8b465ee728b)  -> (artifact id: '4ed3c06962011f8cecb8a551c0732b9b') in 0.010138 seconds 
  Import took 0.012999 seconds .

========================================================================
Received Import Request.
  Time since last request: 12.099792 seconds.
  path: Assets/Particles/SlamEffect.prefab
  artifactKey: Guid(b9c400cd622f30e44b58a05057a9b762) Importer(815301076,1909f56bfc062723c751e8b465ee728b)
Start importing Assets/Particles/SlamEffect.prefab using Guid(b9c400cd622f30e44b58a05057a9b762) Importer(815301076,1909f56bfc062723c751e8b465ee728b)  -> (artifact id: '0f73c741bddda563ae3a5f5866c0f1fa') in 0.007391 seconds 
  Import took 0.010584 seconds .

========================================================================
Received Import Request.
  Time since last request: 22.841054 seconds.
  path: Assets/Particles/SlamEffect.prefab
  artifactKey: Guid(b9c400cd622f30e44b58a05057a9b762) Importer(815301076,1909f56bfc062723c751e8b465ee728b)
Start importing Assets/Particles/SlamEffect.prefab using Guid(b9c400cd622f30e44b58a05057a9b762) Importer(815301076,1909f56bfc062723c751e8b465ee728b)  -> (artifact id: '0b9394b9fbd518e635bfeeafaa2f8d17') in 0.010934 seconds 
  Import took 0.013407 seconds .

========================================================================
Received Import Request.
  Time since last request: 4.452265 seconds.
  path: Assets/Particles/SlamEffect.prefab
  artifactKey: Guid(b9c400cd622f30e44b58a05057a9b762) Importer(815301076,1909f56bfc062723c751e8b465ee728b)
Start importing Assets/Particles/SlamEffect.prefab using Guid(b9c400cd622f30e44b58a05057a9b762) Importer(815301076,1909f56bfc062723c751e8b465ee728b)  -> (artifact id: '0c52f1119c459919b8cc7ac82ab56ab7') in 0.020646 seconds 
  Import took 0.024044 seconds .

========================================================================
Received Import Request.
  Time since last request: 15.619471 seconds.
  path: Assets/Particles/SlamEffect.prefab
  artifactKey: Guid(b9c400cd622f30e44b58a05057a9b762) Importer(815301076,1909f56bfc062723c751e8b465ee728b)
Start importing Assets/Particles/SlamEffect.prefab using Guid(b9c400cd622f30e44b58a05057a9b762) Importer(815301076,1909f56bfc062723c751e8b465ee728b)  -> (artifact id: '47a3d87b083d255b51272d570e68f846') in 0.010084 seconds 
  Import took 0.012755 seconds .

========================================================================
Received Import Request.
  Time since last request: 9.444363 seconds.
  path: Assets/Particles/SlamEffect.prefab
  artifactKey: Guid(b9c400cd622f30e44b58a05057a9b762) Importer(815301076,1909f56bfc062723c751e8b465ee728b)
Start importing Assets/Particles/SlamEffect.prefab using Guid(b9c400cd622f30e44b58a05057a9b762) Importer(815301076,1909f56bfc062723c751e8b465ee728b)  -> (artifact id: '94ec6ddd7dec306916fa15d4b17a099e') in 0.016927 seconds 
  Import took 0.019505 seconds .

========================================================================
Received Import Request.
  Time since last request: 8.369184 seconds.
  path: Assets/Particles/SlamEffect.prefab
  artifactKey: Guid(b9c400cd622f30e44b58a05057a9b762) Importer(815301076,1909f56bfc062723c751e8b465ee728b)
Start importing Assets/Particles/SlamEffect.prefab using Guid(b9c400cd622f30e44b58a05057a9b762) Importer(815301076,1909f56bfc062723c751e8b465ee728b)  -> (artifact id: 'cebcd9f3e30ca61b6158ad5e37ef84f0') in 0.009435 seconds 
  Import took 0.011922 seconds .

========================================================================
Received Import Request.
  Time since last request: 4.483405 seconds.
  path: Assets/Particles/SlamEffect.prefab
  artifactKey: Guid(b9c400cd622f30e44b58a05057a9b762) Importer(815301076,1909f56bfc062723c751e8b465ee728b)
Start importing Assets/Particles/SlamEffect.prefab using Guid(b9c400cd622f30e44b58a05057a9b762) Importer(815301076,1909f56bfc062723c751e8b465ee728b)  -> (artifact id: '0963af47f288ca994c5c400b1a0e57e7') in 0.008838 seconds 
  Import took 0.011316 seconds .

========================================================================
Received Import Request.
  Time since last request: 96.383184 seconds.
  path: Assets/Particles/SquareSprite.png
  artifactKey: Guid(7d092a6cc88ab75418cb705eb9bee434) Importer(815301076,1909f56bfc062723c751e8b465ee728b)
Start importing Assets/Particles/SquareSprite.png using Guid(7d092a6cc88ab75418cb705eb9bee434) Importer(815301076,1909f56bfc062723c751e8b465ee728b)  -> (artifact id: 'b6e43785dd17c269e6991a0a45aa8bd8') in 0.066228 seconds 
  Import took 0.068872 seconds .

========================================================================
Received Import Request.
  Time since last request: 7.737090 seconds.
  path: Assets/Particles/SlamEffect.prefab
  artifactKey: Guid(b9c400cd622f30e44b58a05057a9b762) Importer(815301076,1909f56bfc062723c751e8b465ee728b)
Start importing Assets/Particles/SlamEffect.prefab using Guid(b9c400cd622f30e44b58a05057a9b762) Importer(815301076,1909f56bfc062723c751e8b465ee728b)  -> (artifact id: '00bf59469120dd512d83c84fb7c42003') in 0.008395 seconds 
  Import took 0.011505 seconds .

========================================================================
Received Import Request.
  Time since last request: 36.550680 seconds.
  path: Assets/Particles/SlamEffect.prefab
  artifactKey: Guid(b9c400cd622f30e44b58a05057a9b762) Importer(815301076,1909f56bfc062723c751e8b465ee728b)
Start importing Assets/Particles/SlamEffect.prefab using Guid(b9c400cd622f30e44b58a05057a9b762) Importer(815301076,1909f56bfc062723c751e8b465ee728b)  -> (artifact id: 'df85fa48618b0166ec4dc4ed12265b48') in 0.019031 seconds 
  Import took 0.023332 seconds .

========================================================================
Received Import Request.
  Time since last request: 42.200350 seconds.
  path: Assets/Particles/SlamEffect.prefab
  artifactKey: Guid(b9c400cd622f30e44b58a05057a9b762) Importer(815301076,1909f56bfc062723c751e8b465ee728b)
Start importing Assets/Particles/SlamEffect.prefab using Guid(b9c400cd622f30e44b58a05057a9b762) Importer(815301076,1909f56bfc062723c751e8b465ee728b)  -> (artifact id: '2349bad2be5e6768fcdaccfd248f9d84') in 0.007841 seconds 
  Import took 0.010382 seconds .

========================================================================
Received Import Request.
  Time since last request: 14.839857 seconds.
  path: Assets/Particles/SlamEffect.prefab
  artifactKey: Guid(b9c400cd622f30e44b58a05057a9b762) Importer(815301076,1909f56bfc062723c751e8b465ee728b)
Start importing Assets/Particles/SlamEffect.prefab using Guid(b9c400cd622f30e44b58a05057a9b762) Importer(815301076,1909f56bfc062723c751e8b465ee728b)  -> (artifact id: '5d41bf55a994b31159bf7435c25cd4fa') in 0.017166 seconds 
  Import took 0.020776 seconds .

========================================================================
Received Import Request.
  Time since last request: 5.666245 seconds.
  path: Assets/Particles/SlamEffect.prefab
  artifactKey: Guid(b9c400cd622f30e44b58a05057a9b762) Importer(815301076,1909f56bfc062723c751e8b465ee728b)
Start importing Assets/Particles/SlamEffect.prefab using Guid(b9c400cd622f30e44b58a05057a9b762) Importer(815301076,1909f56bfc062723c751e8b465ee728b)  -> (artifact id: '5c591e56647fa76d561b4a605e0a8e29') in 0.007723 seconds 
  Import took 0.010955 seconds .

========================================================================
Received Import Request.
  Time since last request: 2.663743 seconds.
  path: Assets/Particles/SlamEffect.prefab
  artifactKey: Guid(b9c400cd622f30e44b58a05057a9b762) Importer(815301076,1909f56bfc062723c751e8b465ee728b)
Start importing Assets/Particles/SlamEffect.prefab using Guid(b9c400cd622f30e44b58a05057a9b762) Importer(815301076,1909f56bfc062723c751e8b465ee728b)  -> (artifact id: 'a523956f87ba4195f8854679610b4522') in 0.008675 seconds 
  Import took 0.011389 seconds .

========================================================================
Received Import Request.
  Time since last request: 28.088722 seconds.
  path: Assets/Particles/SlamEffect.prefab
  artifactKey: Guid(b9c400cd622f30e44b58a05057a9b762) Importer(815301076,1909f56bfc062723c751e8b465ee728b)
Start importing Assets/Particles/SlamEffect.prefab using Guid(b9c400cd622f30e44b58a05057a9b762) Importer(815301076,1909f56bfc062723c751e8b465ee728b)  -> (artifact id: '5cdd225b617eb2d21c47ea68b2a80478') in 0.009431 seconds 
  Import took 0.013227 seconds .

========================================================================
Received Import Request.
  Time since last request: 10.250979 seconds.
  path: Assets/Particles/SlamEffect.prefab
  artifactKey: Guid(b9c400cd622f30e44b58a05057a9b762) Importer(815301076,1909f56bfc062723c751e8b465ee728b)
Start importing Assets/Particles/SlamEffect.prefab using Guid(b9c400cd622f30e44b58a05057a9b762) Importer(815301076,1909f56bfc062723c751e8b465ee728b)  -> (artifact id: '0dd0c5942456270b8d94f51f7c9cf9e8') in 0.011679 seconds 
  Import took 0.014779 seconds .

========================================================================
Received Import Request.
  Time since last request: 31.100659 seconds.
  path: Assets/Particles/SlamEffect.prefab
  artifactKey: Guid(b9c400cd622f30e44b58a05057a9b762) Importer(815301076,1909f56bfc062723c751e8b465ee728b)
Start importing Assets/Particles/SlamEffect.prefab using Guid(b9c400cd622f30e44b58a05057a9b762) Importer(815301076,1909f56bfc062723c751e8b465ee728b)  -> (artifact id: '201a5d5adfbed6960a53f803dfbe3c65') in 0.007589 seconds 
  Import took 0.010021 seconds .

========================================================================
Received Import Request.
  Time since last request: 23.527812 seconds.
  path: Assets/Particles/SlamEffect.prefab
  artifactKey: Guid(b9c400cd622f30e44b58a05057a9b762) Importer(815301076,1909f56bfc062723c751e8b465ee728b)
Start importing Assets/Particles/SlamEffect.prefab using Guid(b9c400cd622f30e44b58a05057a9b762) Importer(815301076,1909f56bfc062723c751e8b465ee728b)  -> (artifact id: '1027f3d053500cccca6bad6a1a8e562d') in 0.008309 seconds 
  Import took 0.010894 seconds .

========================================================================
Received Import Request.
  Time since last request: 44.523587 seconds.
  path: Assets/Particles/SlamEffect.prefab
  artifactKey: Guid(b9c400cd622f30e44b58a05057a9b762) Importer(815301076,1909f56bfc062723c751e8b465ee728b)
Start importing Assets/Particles/SlamEffect.prefab using Guid(b9c400cd622f30e44b58a05057a9b762) Importer(815301076,1909f56bfc062723c751e8b465ee728b)  -> (artifact id: 'ddce3325aeef59ca5bfaea814386c31f') in 0.008532 seconds 
  Import took 0.011036 seconds .

========================================================================
Received Import Request.
  Time since last request: 31.623476 seconds.
  path: Assets/Particles/SlamEffect.prefab
  artifactKey: Guid(b9c400cd622f30e44b58a05057a9b762) Importer(815301076,1909f56bfc062723c751e8b465ee728b)
Start importing Assets/Particles/SlamEffect.prefab using Guid(b9c400cd622f30e44b58a05057a9b762) Importer(815301076,1909f56bfc062723c751e8b465ee728b)  -> (artifact id: '165dadadd7d6d9d59c89eeb2b4ac411d') in 0.014358 seconds 
  Import took 0.017104 seconds .

========================================================================
Received Import Request.
  Time since last request: 3.904866 seconds.
  path: Assets/Particles/SlamEffect.prefab
  artifactKey: Guid(b9c400cd622f30e44b58a05057a9b762) Importer(815301076,1909f56bfc062723c751e8b465ee728b)
Start importing Assets/Particles/SlamEffect.prefab using Guid(b9c400cd622f30e44b58a05057a9b762) Importer(815301076,1909f56bfc062723c751e8b465ee728b)  -> (artifact id: '0b487eb32748c1eef1ecdea3d3acb673') in 0.012475 seconds 
  Import took 0.016374 seconds .

========================================================================
Received Import Request.
  Time since last request: 26.879668 seconds.
  path: Assets/Particles/SlamEffect.prefab
  artifactKey: Guid(b9c400cd622f30e44b58a05057a9b762) Importer(815301076,1909f56bfc062723c751e8b465ee728b)
Start importing Assets/Particles/SlamEffect.prefab using Guid(b9c400cd622f30e44b58a05057a9b762) Importer(815301076,1909f56bfc062723c751e8b465ee728b)  -> (artifact id: '21ae139309b50021993f3521768163e6') in 0.007811 seconds 
  Import took 0.010694 seconds .

========================================================================
Received Import Request.
  Time since last request: 1.246678 seconds.
  path: Assets/Particles/SlamEffect.prefab
  artifactKey: Guid(b9c400cd622f30e44b58a05057a9b762) Importer(815301076,1909f56bfc062723c751e8b465ee728b)
Start importing Assets/Particles/SlamEffect.prefab using Guid(b9c400cd622f30e44b58a05057a9b762) Importer(815301076,1909f56bfc062723c751e8b465ee728b)  -> (artifact id: 'e0d5646f9a9859017cd0bb8a237d252a') in 0.020173 seconds 
  Import took 0.024831 seconds .

========================================================================
Received Import Request.
  Time since last request: 3.722112 seconds.
  path: Assets/Particles/SlamEffect.prefab
  artifactKey: Guid(b9c400cd622f30e44b58a05057a9b762) Importer(815301076,1909f56bfc062723c751e8b465ee728b)
Start importing Assets/Particles/SlamEffect.prefab using Guid(b9c400cd622f30e44b58a05057a9b762) Importer(815301076,1909f56bfc062723c751e8b465ee728b)  -> (artifact id: '7951a203d6b6cd62db2a5fbbe008a5e8') in 0.008904 seconds 
  Import took 0.012825 seconds .

========================================================================
Received Import Request.
  Time since last request: 15.974476 seconds.
  path: Assets/Particles/SlamEffect.prefab
  artifactKey: Guid(b9c400cd622f30e44b58a05057a9b762) Importer(815301076,1909f56bfc062723c751e8b465ee728b)
Start importing Assets/Particles/SlamEffect.prefab using Guid(b9c400cd622f30e44b58a05057a9b762) Importer(815301076,1909f56bfc062723c751e8b465ee728b)  -> (artifact id: '43876bb5fa6a5460c6e0b09559710563') in 0.009018 seconds 
  Import took 0.011609 seconds .

========================================================================
Received Import Request.
  Time since last request: 55.334783 seconds.
  path: Assets/Particles/SlamEffect.prefab
  artifactKey: Guid(b9c400cd622f30e44b58a05057a9b762) Importer(815301076,1909f56bfc062723c751e8b465ee728b)
Start importing Assets/Particles/SlamEffect.prefab using Guid(b9c400cd622f30e44b58a05057a9b762) Importer(815301076,1909f56bfc062723c751e8b465ee728b)  -> (artifact id: '2456cdaab13dbfe771bd25b875270808') in 0.007539 seconds 
  Import took 0.010595 seconds .

========================================================================
Received Import Request.
  Time since last request: 19.409706 seconds.
  path: Assets/Particles/SlamEffect.prefab
  artifactKey: Guid(b9c400cd622f30e44b58a05057a9b762) Importer(815301076,1909f56bfc062723c751e8b465ee728b)
Start importing Assets/Particles/SlamEffect.prefab using Guid(b9c400cd622f30e44b58a05057a9b762) Importer(815301076,1909f56bfc062723c751e8b465ee728b)  -> (artifact id: '233d63131ea1b2ee0440f812bea1608d') in 0.010627 seconds 
  Import took 0.015236 seconds .

========================================================================
Received Import Request.
  Time since last request: 4.049976 seconds.
  path: Assets/Particles/SlamEffect.prefab
  artifactKey: Guid(b9c400cd622f30e44b58a05057a9b762) Importer(815301076,1909f56bfc062723c751e8b465ee728b)
Start importing Assets/Particles/SlamEffect.prefab using Guid(b9c400cd622f30e44b58a05057a9b762) Importer(815301076,1909f56bfc062723c751e8b465ee728b)  -> (artifact id: '2328ad15bb6806be49ee387e545454df') in 0.014352 seconds 
  Import took 0.017966 seconds .

========================================================================
Received Import Request.
  Time since last request: 27.938600 seconds.
  path: Assets/Particles/SlamEffect.prefab
  artifactKey: Guid(b9c400cd622f30e44b58a05057a9b762) Importer(815301076,1909f56bfc062723c751e8b465ee728b)
Start importing Assets/Particles/SlamEffect.prefab using Guid(b9c400cd622f30e44b58a05057a9b762) Importer(815301076,1909f56bfc062723c751e8b465ee728b)  -> (artifact id: 'a31b8658cb91958f3fd5392c527057bc') in 0.008264 seconds 
  Import took 0.011072 seconds .

========================================================================
Received Import Request.
  Time since last request: 23.879024 seconds.
  path: Assets/Particles/SlamEffect.prefab
  artifactKey: Guid(b9c400cd622f30e44b58a05057a9b762) Importer(815301076,1909f56bfc062723c751e8b465ee728b)
Start importing Assets/Particles/SlamEffect.prefab using Guid(b9c400cd622f30e44b58a05057a9b762) Importer(815301076,1909f56bfc062723c751e8b465ee728b)  -> (artifact id: '19a81601770cbf2bc3242618e1f792bc') in 0.008033 seconds 
  Import took 0.011125 seconds .

========================================================================
Received Import Request.
  Time since last request: 55.749377 seconds.
  path: Assets/Particles/SlamEffect.prefab
  artifactKey: Guid(b9c400cd622f30e44b58a05057a9b762) Importer(815301076,1909f56bfc062723c751e8b465ee728b)
Start importing Assets/Particles/SlamEffect.prefab using Guid(b9c400cd622f30e44b58a05057a9b762) Importer(815301076,1909f56bfc062723c751e8b465ee728b)  -> (artifact id: '17915bb030bd1ceb479fdebc33e042b2') in 0.008057 seconds 
  Import took 0.010845 seconds .

========================================================================
Received Import Request.
  Time since last request: 101.607002 seconds.
  path: Assets/Particles/SlamEffect.prefab
  artifactKey: Guid(b9c400cd622f30e44b58a05057a9b762) Importer(815301076,1909f56bfc062723c751e8b465ee728b)
Start importing Assets/Particles/SlamEffect.prefab using Guid(b9c400cd622f30e44b58a05057a9b762) Importer(815301076,1909f56bfc062723c751e8b465ee728b)  -> (artifact id: '7b5ae3b7c28eed607cfeedb6878a6270') in 0.009914 seconds 
  Import took 0.013390 seconds .

========================================================================
Received Import Request.
  Time since last request: 59.680315 seconds.
  path: Assets/Particles/SlamEffect.prefab
  artifactKey: Guid(b9c400cd622f30e44b58a05057a9b762) Importer(815301076,1909f56bfc062723c751e8b465ee728b)
Start importing Assets/Particles/SlamEffect.prefab using Guid(b9c400cd622f30e44b58a05057a9b762) Importer(815301076,1909f56bfc062723c751e8b465ee728b)  -> (artifact id: '8ac647b264d7eb9f61697f4b0d551a80') in 0.011905 seconds 
  Import took 0.014661 seconds .

========================================================================
Received Import Request.
  Time since last request: 193.469716 seconds.
  path: Assets/Particles/SlamEffect.prefab
  artifactKey: Guid(b9c400cd622f30e44b58a05057a9b762) Importer(815301076,1909f56bfc062723c751e8b465ee728b)
Start importing Assets/Particles/SlamEffect.prefab using Guid(b9c400cd622f30e44b58a05057a9b762) Importer(815301076,1909f56bfc062723c751e8b465ee728b)  -> (artifact id: 'b7ed5c60bc7b8aad7d9531df1e18be15') in 0.010270 seconds 
  Import took 0.012847 seconds .

========================================================================
Received Import Request.
  Time since last request: 96.792053 seconds.
  path: Assets/Particles/SlamEffect.prefab
  artifactKey: Guid(b9c400cd622f30e44b58a05057a9b762) Importer(815301076,1909f56bfc062723c751e8b465ee728b)
Start importing Assets/Particles/SlamEffect.prefab using Guid(b9c400cd622f30e44b58a05057a9b762) Importer(815301076,1909f56bfc062723c751e8b465ee728b)  -> (artifact id: '998c6b8171993e0180911458cf4be77e') in 0.008811 seconds 
  Import took 0.011389 seconds .

========================================================================
Received Import Request.
  Time since last request: 10.009008 seconds.
  path: Assets/Particles/SlamEffect.prefab
  artifactKey: Guid(b9c400cd622f30e44b58a05057a9b762) Importer(815301076,1909f56bfc062723c751e8b465ee728b)
Start importing Assets/Particles/SlamEffect.prefab using Guid(b9c400cd622f30e44b58a05057a9b762) Importer(815301076,1909f56bfc062723c751e8b465ee728b)  -> (artifact id: 'b0771c120c0ab14d0a6aace9f5b51445') in 0.007845 seconds 
  Import took 0.010161 seconds .

========================================================================
Received Import Request.
  Time since last request: 35.763029 seconds.
  path: Assets/Particles/SlamEffect.prefab
  artifactKey: Guid(b9c400cd622f30e44b58a05057a9b762) Importer(815301076,1909f56bfc062723c751e8b465ee728b)
Start importing Assets/Particles/SlamEffect.prefab using Guid(b9c400cd622f30e44b58a05057a9b762) Importer(815301076,1909f56bfc062723c751e8b465ee728b)  -> (artifact id: '13fdd5c41c46ab06aa83eea4dff8d095') in 0.007344 seconds 
  Import took 0.010149 seconds .

========================================================================
Received Import Request.
  Time since last request: 46.190578 seconds.
  path: Assets/Particles/SlamEffect.prefab
  artifactKey: Guid(b9c400cd622f30e44b58a05057a9b762) Importer(815301076,1909f56bfc062723c751e8b465ee728b)
Start importing Assets/Particles/SlamEffect.prefab using Guid(b9c400cd622f30e44b58a05057a9b762) Importer(815301076,1909f56bfc062723c751e8b465ee728b)  -> (artifact id: 'cc3eaad015bd85b3b731879525abc44d') in 0.008202 seconds 
  Import took 0.010662 seconds .

========================================================================
Received Import Request.
  Time since last request: 44.905352 seconds.
  path: Assets/Particles/SlamSquare Material.mat
  artifactKey: Guid(87180dbc4b4092d4693cd4e275191f39) Importer(815301076,1909f56bfc062723c751e8b465ee728b)
Start importing Assets/Particles/SlamSquare Material.mat using Guid(87180dbc4b4092d4693cd4e275191f39) Importer(815301076,1909f56bfc062723c751e8b465ee728b)  -> (artifact id: '114e5d49c8f231754b077fcac0240dfa') in 0.108672 seconds 
  Import took 0.111323 seconds .

========================================================================
Received Import Request.
  Time since last request: 20.645025 seconds.
  path: Assets/Particles/SlamEffect.prefab
  artifactKey: Guid(b9c400cd622f30e44b58a05057a9b762) Importer(815301076,1909f56bfc062723c751e8b465ee728b)
Start importing Assets/Particles/SlamEffect.prefab using Guid(b9c400cd622f30e44b58a05057a9b762) Importer(815301076,1909f56bfc062723c751e8b465ee728b)  -> (artifact id: '62319be01b80e50874ae80633731988e') in 0.009191 seconds 
  Import took 0.012125 seconds .

========================================================================
Received Import Request.
  Time since last request: 18.277503 seconds.
  path: Assets/Particles/SlamEffect.prefab
  artifactKey: Guid(b9c400cd622f30e44b58a05057a9b762) Importer(815301076,1909f56bfc062723c751e8b465ee728b)
Start importing Assets/Particles/SlamEffect.prefab using Guid(b9c400cd622f30e44b58a05057a9b762) Importer(815301076,1909f56bfc062723c751e8b465ee728b)  -> (artifact id: '3c87baf3bbfd347f69b2f890fe63fac1') in 0.008667 seconds 
  Import took 0.012124 seconds .

========================================================================
Received Import Request.
  Time since last request: 20.283672 seconds.
  path: Assets/Particles/SlamEffect.prefab
  artifactKey: Guid(b9c400cd622f30e44b58a05057a9b762) Importer(815301076,1909f56bfc062723c751e8b465ee728b)
Start importing Assets/Particles/SlamEffect.prefab using Guid(b9c400cd622f30e44b58a05057a9b762) Importer(815301076,1909f56bfc062723c751e8b465ee728b)  -> (artifact id: 'f9054287e25da0db9e30c85218438f14') in 0.009285 seconds 
  Import took 0.011882 seconds .

========================================================================
Received Import Request.
  Time since last request: 9.580661 seconds.
  path: Assets/Particles/SlamEffect.prefab
  artifactKey: Guid(b9c400cd622f30e44b58a05057a9b762) Importer(815301076,1909f56bfc062723c751e8b465ee728b)
Start importing Assets/Particles/SlamEffect.prefab using Guid(b9c400cd622f30e44b58a05057a9b762) Importer(815301076,1909f56bfc062723c751e8b465ee728b)  -> (artifact id: '65e1df63aa7db3e231c300efc803f1ff') in 0.007801 seconds 
  Import took 0.010450 seconds .

========================================================================
Received Import Request.
  Time since last request: 4.821637 seconds.
  path: Assets/Particles/SlamEffect.prefab
  artifactKey: Guid(b9c400cd622f30e44b58a05057a9b762) Importer(815301076,1909f56bfc062723c751e8b465ee728b)
Start importing Assets/Particles/SlamEffect.prefab using Guid(b9c400cd622f30e44b58a05057a9b762) Importer(815301076,1909f56bfc062723c751e8b465ee728b)  -> (artifact id: '5253723d0ab4144d7d81542142a0318d') in 0.009150 seconds 
  Import took 0.011987 seconds .

========================================================================
Received Import Request.
  Time since last request: 49.353578 seconds.
  path: Assets/Particles/SlamEffect.prefab
  artifactKey: Guid(b9c400cd622f30e44b58a05057a9b762) Importer(815301076,1909f56bfc062723c751e8b465ee728b)
Start importing Assets/Particles/SlamEffect.prefab using Guid(b9c400cd622f30e44b58a05057a9b762) Importer(815301076,1909f56bfc062723c751e8b465ee728b)  -> (artifact id: 'a1eb095d9248c215e79194081c4dd15f') in 0.009200 seconds 
  Import took 0.011936 seconds .

========================================================================
Received Import Request.
  Time since last request: 22.045882 seconds.
  path: Assets/Particles/SlamEffect.prefab
  artifactKey: Guid(b9c400cd622f30e44b58a05057a9b762) Importer(815301076,1909f56bfc062723c751e8b465ee728b)
Start importing Assets/Particles/SlamEffect.prefab using Guid(b9c400cd622f30e44b58a05057a9b762) Importer(815301076,1909f56bfc062723c751e8b465ee728b)  -> (artifact id: '5b695cd0dbcc5a7736f521e765db4005') in 0.008703 seconds 
  Import took 0.011601 seconds .

========================================================================
Received Import Request.
  Time since last request: 7.736656 seconds.
  path: Assets/Particles/SlamEffect.prefab
  artifactKey: Guid(b9c400cd622f30e44b58a05057a9b762) Importer(815301076,1909f56bfc062723c751e8b465ee728b)
Start importing Assets/Particles/SlamEffect.prefab using Guid(b9c400cd622f30e44b58a05057a9b762) Importer(815301076,1909f56bfc062723c751e8b465ee728b)  -> (artifact id: '69985957b1fa4863ffba0ae7d3aec3a9') in 0.011459 seconds 
  Import took 0.014821 seconds .

========================================================================
Received Import Request.
  Time since last request: 9.369630 seconds.
  path: Assets/Particles/SlamEffect.prefab
  artifactKey: Guid(b9c400cd622f30e44b58a05057a9b762) Importer(815301076,1909f56bfc062723c751e8b465ee728b)
Start importing Assets/Particles/SlamEffect.prefab using Guid(b9c400cd622f30e44b58a05057a9b762) Importer(815301076,1909f56bfc062723c751e8b465ee728b)  -> (artifact id: 'bfae604d4c0696588f3dd0000e6b6628') in 0.007955 seconds 
  Import took 0.010708 seconds .

========================================================================
Received Import Request.
  Time since last request: 61.506132 seconds.
  path: Assets/Particles/SlamEffect.prefab
  artifactKey: Guid(b9c400cd622f30e44b58a05057a9b762) Importer(815301076,1909f56bfc062723c751e8b465ee728b)
Start importing Assets/Particles/SlamEffect.prefab using Guid(b9c400cd622f30e44b58a05057a9b762) Importer(815301076,1909f56bfc062723c751e8b465ee728b)  -> (artifact id: 'ac46833022ddfada330548eab7820393') in 0.012195 seconds 
  Import took 0.016259 seconds .

========================================================================
Received Import Request.
  Time since last request: 2.652857 seconds.
  path: Assets/Particles/SlamEffect.prefab
  artifactKey: Guid(b9c400cd622f30e44b58a05057a9b762) Importer(815301076,1909f56bfc062723c751e8b465ee728b)
Start importing Assets/Particles/SlamEffect.prefab using Guid(b9c400cd622f30e44b58a05057a9b762) Importer(815301076,1909f56bfc062723c751e8b465ee728b)  -> (artifact id: 'f88e3e061bf73f741b9f34f3a2f6f311') in 0.014967 seconds 
  Import took 0.019441 seconds .

========================================================================
Received Import Request.
  Time since last request: 95.733623 seconds.
  path: Assets/Particles/SlamEffect.prefab
  artifactKey: Guid(b9c400cd622f30e44b58a05057a9b762) Importer(815301076,1909f56bfc062723c751e8b465ee728b)
Start importing Assets/Particles/SlamEffect.prefab using Guid(b9c400cd622f30e44b58a05057a9b762) Importer(815301076,1909f56bfc062723c751e8b465ee728b)  -> (artifact id: '1b9f2bffd7f8615dc27c88d682fb9fa6') in 0.009188 seconds 
  Import took 0.011698 seconds .

========================================================================
Received Import Request.
  Time since last request: 96.747807 seconds.
  path: Assets/Particles/SlamEffect.prefab
  artifactKey: Guid(b9c400cd622f30e44b58a05057a9b762) Importer(815301076,1909f56bfc062723c751e8b465ee728b)
Start importing Assets/Particles/SlamEffect.prefab using Guid(b9c400cd622f30e44b58a05057a9b762) Importer(815301076,1909f56bfc062723c751e8b465ee728b)  -> (artifact id: 'ead13c08584c251f3041b80623a80152') in 0.008220 seconds 
  Import took 0.010847 seconds .

========================================================================
Received Import Request.
  Time since last request: 23.116038 seconds.
  path: Assets/Particles/SlamEffect.prefab
  artifactKey: Guid(b9c400cd622f30e44b58a05057a9b762) Importer(815301076,1909f56bfc062723c751e8b465ee728b)
Start importing Assets/Particles/SlamEffect.prefab using Guid(b9c400cd622f30e44b58a05057a9b762) Importer(815301076,1909f56bfc062723c751e8b465ee728b)  -> (artifact id: 'fba4390aef48a095482d0f3099d5b8ec') in 0.009025 seconds 
  Import took 0.012017 seconds .

========================================================================
Received Import Request.
  Time since last request: 11.381917 seconds.
  path: Assets/Particles/SlamEffect.prefab
  artifactKey: Guid(b9c400cd622f30e44b58a05057a9b762) Importer(815301076,1909f56bfc062723c751e8b465ee728b)
Start importing Assets/Particles/SlamEffect.prefab using Guid(b9c400cd622f30e44b58a05057a9b762) Importer(815301076,1909f56bfc062723c751e8b465ee728b)  -> (artifact id: '88be58acab90ff0eb55c448f08af9366') in 0.007442 seconds 
  Import took 0.010039 seconds .

========================================================================
Received Import Request.
  Time since last request: 8.332672 seconds.
  path: Assets/Particles/SlamEffect.prefab
  artifactKey: Guid(b9c400cd622f30e44b58a05057a9b762) Importer(815301076,1909f56bfc062723c751e8b465ee728b)
Start importing Assets/Particles/SlamEffect.prefab using Guid(b9c400cd622f30e44b58a05057a9b762) Importer(815301076,1909f56bfc062723c751e8b465ee728b)  -> (artifact id: 'd5500b9d5b927d02cb156fb9d0005a00') in 0.008433 seconds 
  Import took 0.010907 seconds .

========================================================================
Received Import Request.
  Time since last request: 39.207164 seconds.
  path: Assets/Particles/SlamEffect.prefab
  artifactKey: Guid(b9c400cd622f30e44b58a05057a9b762) Importer(815301076,1909f56bfc062723c751e8b465ee728b)
Start importing Assets/Particles/SlamEffect.prefab using Guid(b9c400cd622f30e44b58a05057a9b762) Importer(815301076,1909f56bfc062723c751e8b465ee728b)  -> (artifact id: 'a7adda0ec10348b7cf0e2099dfc50aa2') in 0.008922 seconds 
  Import took 0.011600 seconds .

========================================================================
Received Import Request.
  Time since last request: 8.301079 seconds.
  path: Assets/Particles/SlamEffect.prefab
  artifactKey: Guid(b9c400cd622f30e44b58a05057a9b762) Importer(815301076,1909f56bfc062723c751e8b465ee728b)
Start importing Assets/Particles/SlamEffect.prefab using Guid(b9c400cd622f30e44b58a05057a9b762) Importer(815301076,1909f56bfc062723c751e8b465ee728b)  -> (artifact id: 'fb7caec0a9588251999cbb876615af6b') in 0.009676 seconds 
  Import took 0.012729 seconds .

========================================================================
Received Import Request.
  Time since last request: 41.342930 seconds.
  path: Assets/Particles/SlamEffect.prefab
  artifactKey: Guid(b9c400cd622f30e44b58a05057a9b762) Importer(815301076,1909f56bfc062723c751e8b465ee728b)
Start importing Assets/Particles/SlamEffect.prefab using Guid(b9c400cd622f30e44b58a05057a9b762) Importer(815301076,1909f56bfc062723c751e8b465ee728b)  -> (artifact id: 'f75377450b7dfe6aa7ecc2f58c4cf2cf') in 0.010856 seconds 
  Import took 0.014338 seconds .

========================================================================
Received Import Request.
  Time since last request: 5.619977 seconds.
  path: Assets/Particles/SlamEffect.prefab
  artifactKey: Guid(b9c400cd622f30e44b58a05057a9b762) Importer(815301076,1909f56bfc062723c751e8b465ee728b)
Start importing Assets/Particles/SlamEffect.prefab using Guid(b9c400cd622f30e44b58a05057a9b762) Importer(815301076,1909f56bfc062723c751e8b465ee728b)  -> (artifact id: '7137c8183e60db5f9a8aa2057e77f3ba') in 0.007911 seconds 
  Import took 0.010529 seconds .

========================================================================
Received Import Request.
  Time since last request: 45.171509 seconds.
  path: Assets/Particles/SlamEffect.prefab
  artifactKey: Guid(b9c400cd622f30e44b58a05057a9b762) Importer(815301076,1909f56bfc062723c751e8b465ee728b)
Start importing Assets/Particles/SlamEffect.prefab using Guid(b9c400cd622f30e44b58a05057a9b762) Importer(815301076,1909f56bfc062723c751e8b465ee728b)  -> (artifact id: 'ddd4da7539ecec0f0d500d4b68418f3c') in 0.007723 seconds 
  Import took 0.010306 seconds .

========================================================================
Received Import Request.
  Time since last request: 52.091448 seconds.
  path: Assets/Particles/SlamEffect.prefab
  artifactKey: Guid(b9c400cd622f30e44b58a05057a9b762) Importer(815301076,1909f56bfc062723c751e8b465ee728b)
Start importing Assets/Particles/SlamEffect.prefab using Guid(b9c400cd622f30e44b58a05057a9b762) Importer(815301076,1909f56bfc062723c751e8b465ee728b)  -> (artifact id: '9c868c6c51123e4cd562ef66a0d66729') in 0.008024 seconds 
  Import took 0.010803 seconds .

========================================================================
Received Import Request.
  Time since last request: 18.463372 seconds.
  path: Assets/Particles/SlamEffect.prefab
  artifactKey: Guid(b9c400cd622f30e44b58a05057a9b762) Importer(815301076,1909f56bfc062723c751e8b465ee728b)
Start importing Assets/Particles/SlamEffect.prefab using Guid(b9c400cd622f30e44b58a05057a9b762) Importer(815301076,1909f56bfc062723c751e8b465ee728b)  -> (artifact id: '18048f91ba9b2bce6e03675f53733879') in 0.008296 seconds 
  Import took 0.011557 seconds .

========================================================================
Received Import Request.
  Time since last request: 12.130933 seconds.
  path: Assets/Particles/SlamEffect.prefab
  artifactKey: Guid(b9c400cd622f30e44b58a05057a9b762) Importer(815301076,1909f56bfc062723c751e8b465ee728b)
Start importing Assets/Particles/SlamEffect.prefab using Guid(b9c400cd622f30e44b58a05057a9b762) Importer(815301076,1909f56bfc062723c751e8b465ee728b)  -> (artifact id: 'd066bb9ccedebc8eccdf171b1250f9c6') in 0.008108 seconds 
  Import took 0.010721 seconds .

========================================================================
Received Import Request.
  Time since last request: 11.893328 seconds.
  path: Assets/Particles/SlamEffect.prefab
  artifactKey: Guid(b9c400cd622f30e44b58a05057a9b762) Importer(815301076,1909f56bfc062723c751e8b465ee728b)
Start importing Assets/Particles/SlamEffect.prefab using Guid(b9c400cd622f30e44b58a05057a9b762) Importer(815301076,1909f56bfc062723c751e8b465ee728b)  -> (artifact id: '37e32a77b3a8b50fc108dfc394491c73') in 0.008335 seconds 
  Import took 0.011049 seconds .

========================================================================
Received Import Request.
  Time since last request: 7.974059 seconds.
  path: Assets/Particles/SlamEffect.prefab
  artifactKey: Guid(b9c400cd622f30e44b58a05057a9b762) Importer(815301076,1909f56bfc062723c751e8b465ee728b)
Start importing Assets/Particles/SlamEffect.prefab using Guid(b9c400cd622f30e44b58a05057a9b762) Importer(815301076,1909f56bfc062723c751e8b465ee728b)  -> (artifact id: 'baa69d08ebe45b74bfa8acc9a4cedd62') in 0.007346 seconds 
  Import took 0.010288 seconds .

========================================================================
Received Import Request.
  Time since last request: 10.021019 seconds.
  path: Assets/Particles/SlamEffect.prefab
  artifactKey: Guid(b9c400cd622f30e44b58a05057a9b762) Importer(815301076,1909f56bfc062723c751e8b465ee728b)
Start importing Assets/Particles/SlamEffect.prefab using Guid(b9c400cd622f30e44b58a05057a9b762) Importer(815301076,1909f56bfc062723c751e8b465ee728b)  -> (artifact id: '3fe0ec9615f5935b5c0f9db11ba56cb3') in 0.007633 seconds 
  Import took 0.010290 seconds .

========================================================================
Received Import Request.
  Time since last request: 12.261761 seconds.
  path: Assets/Particles/SlamEffect.prefab
  artifactKey: Guid(b9c400cd622f30e44b58a05057a9b762) Importer(815301076,1909f56bfc062723c751e8b465ee728b)
Start importing Assets/Particles/SlamEffect.prefab using Guid(b9c400cd622f30e44b58a05057a9b762) Importer(815301076,1909f56bfc062723c751e8b465ee728b)  -> (artifact id: '74637d3b9010af07b676e61df0d37a95') in 0.007518 seconds 
  Import took 0.010007 seconds .

========================================================================
Received Import Request.
  Time since last request: 81.799852 seconds.
  path: Assets/Particles/SlamEffect.prefab
  artifactKey: Guid(b9c400cd622f30e44b58a05057a9b762) Importer(815301076,1909f56bfc062723c751e8b465ee728b)
Start importing Assets/Particles/SlamEffect.prefab using Guid(b9c400cd622f30e44b58a05057a9b762) Importer(815301076,1909f56bfc062723c751e8b465ee728b)  -> (artifact id: '6deabfa8f18b95510083c0f0c214b5b0') in 0.008938 seconds 
  Import took 0.012202 seconds .

========================================================================
Received Import Request.
  Time since last request: 13.381948 seconds.
  path: Assets/Particles/SlamEffect.prefab
  artifactKey: Guid(b9c400cd622f30e44b58a05057a9b762) Importer(815301076,1909f56bfc062723c751e8b465ee728b)
Start importing Assets/Particles/SlamEffect.prefab using Guid(b9c400cd622f30e44b58a05057a9b762) Importer(815301076,1909f56bfc062723c751e8b465ee728b)  -> (artifact id: '491d7dd4238184d2323ad52047621102') in 0.008627 seconds 
  Import took 0.011219 seconds .

========================================================================
Received Import Request.
  Time since last request: 7.388712 seconds.
  path: Assets/Particles/SlamEffect.prefab
  artifactKey: Guid(b9c400cd622f30e44b58a05057a9b762) Importer(815301076,1909f56bfc062723c751e8b465ee728b)
Start importing Assets/Particles/SlamEffect.prefab using Guid(b9c400cd622f30e44b58a05057a9b762) Importer(815301076,1909f56bfc062723c751e8b465ee728b)  -> (artifact id: 'e50f958e32500199f70997aa2600a073') in 0.008076 seconds 
  Import took 0.010915 seconds .

========================================================================
Received Import Request.
  Time since last request: 68.172832 seconds.
  path: Assets/Particles/SlamEffect.prefab
  artifactKey: Guid(b9c400cd622f30e44b58a05057a9b762) Importer(815301076,1909f56bfc062723c751e8b465ee728b)
Start importing Assets/Particles/SlamEffect.prefab using Guid(b9c400cd622f30e44b58a05057a9b762) Importer(815301076,1909f56bfc062723c751e8b465ee728b)  -> (artifact id: 'bc94e23fd259c5eb38083162d43343fa') in 0.008444 seconds 
  Import took 0.011477 seconds .

========================================================================
Received Import Request.
  Time since last request: 17.857888 seconds.
  path: Assets/Particles/SlamEffect.prefab
  artifactKey: Guid(b9c400cd622f30e44b58a05057a9b762) Importer(815301076,1909f56bfc062723c751e8b465ee728b)
Start importing Assets/Particles/SlamEffect.prefab using Guid(b9c400cd622f30e44b58a05057a9b762) Importer(815301076,1909f56bfc062723c751e8b465ee728b)  -> (artifact id: '1203310a93c04f3febc6d995eb4461f5') in 0.007715 seconds 
  Import took 0.010312 seconds .

========================================================================
Received Import Request.
  Time since last request: 14.254610 seconds.
  path: Assets/Particles/SlamEffect.prefab
  artifactKey: Guid(b9c400cd622f30e44b58a05057a9b762) Importer(815301076,1909f56bfc062723c751e8b465ee728b)
Start importing Assets/Particles/SlamEffect.prefab using Guid(b9c400cd622f30e44b58a05057a9b762) Importer(815301076,1909f56bfc062723c751e8b465ee728b)  -> (artifact id: 'c8c1e1ac4e2ed32b96ed30bf74ae435d') in 0.011073 seconds 
  Import took 0.013853 seconds .

========================================================================
Received Import Request.
  Time since last request: 5.710680 seconds.
  path: Assets/Particles/SlamEffect.prefab
  artifactKey: Guid(b9c400cd622f30e44b58a05057a9b762) Importer(815301076,1909f56bfc062723c751e8b465ee728b)
Start importing Assets/Particles/SlamEffect.prefab using Guid(b9c400cd622f30e44b58a05057a9b762) Importer(815301076,1909f56bfc062723c751e8b465ee728b)  -> (artifact id: '4562557f549934024061074f80ca583e') in 0.007582 seconds 
  Import took 0.010502 seconds .

========================================================================
Received Import Request.
  Time since last request: 5.296488 seconds.
  path: Assets/Particles/SlamEffect.prefab
  artifactKey: Guid(b9c400cd622f30e44b58a05057a9b762) Importer(815301076,1909f56bfc062723c751e8b465ee728b)
Start importing Assets/Particles/SlamEffect.prefab using Guid(b9c400cd622f30e44b58a05057a9b762) Importer(815301076,1909f56bfc062723c751e8b465ee728b)  -> (artifact id: 'f531d0e7962fe1e5d672d4a3ae4e5981') in 0.014953 seconds 
  Import took 0.018026 seconds .

========================================================================
Received Import Request.
  Time since last request: 5.314690 seconds.
  path: Assets/Particles/SlamEffect.prefab
  artifactKey: Guid(b9c400cd622f30e44b58a05057a9b762) Importer(815301076,1909f56bfc062723c751e8b465ee728b)
Start importing Assets/Particles/SlamEffect.prefab using Guid(b9c400cd622f30e44b58a05057a9b762) Importer(815301076,1909f56bfc062723c751e8b465ee728b)  -> (artifact id: '1e24d23f9b0a6e8461ba37544957ef05') in 0.007480 seconds 
  Import took 0.010068 seconds .

========================================================================
Received Import Request.
  Time since last request: 3.479554 seconds.
  path: Assets/Particles/SlamEffect.prefab
  artifactKey: Guid(b9c400cd622f30e44b58a05057a9b762) Importer(815301076,1909f56bfc062723c751e8b465ee728b)
Start importing Assets/Particles/SlamEffect.prefab using Guid(b9c400cd622f30e44b58a05057a9b762) Importer(815301076,1909f56bfc062723c751e8b465ee728b)  -> (artifact id: 'c8410b7f8b655d5ebdb7e3818221e49c') in 0.007767 seconds 
  Import took 0.010277 seconds .

========================================================================
Received Import Request.
  Time since last request: 32.679899 seconds.
  path: Assets/Particles/SlamEffect.prefab
  artifactKey: Guid(b9c400cd622f30e44b58a05057a9b762) Importer(815301076,1909f56bfc062723c751e8b465ee728b)
Start importing Assets/Particles/SlamEffect.prefab using Guid(b9c400cd622f30e44b58a05057a9b762) Importer(815301076,1909f56bfc062723c751e8b465ee728b)  -> (artifact id: '90f1ff2b0c8abc5aff5411c4a277ac86') in 0.008690 seconds 
  Import took 0.011838 seconds .

========================================================================
Received Import Request.
  Time since last request: 14.715801 seconds.
  path: Assets/Particles/SlamEffect.prefab
  artifactKey: Guid(b9c400cd622f30e44b58a05057a9b762) Importer(815301076,1909f56bfc062723c751e8b465ee728b)
Start importing Assets/Particles/SlamEffect.prefab using Guid(b9c400cd622f30e44b58a05057a9b762) Importer(815301076,1909f56bfc062723c751e8b465ee728b)  -> (artifact id: '13af773c10df37eeed7186e78d4ce1d0') in 0.007750 seconds 
  Import took 0.011020 seconds .

========================================================================
Received Import Request.
  Time since last request: 4.104273 seconds.
  path: Assets/Particles/SlamEffect.prefab
  artifactKey: Guid(b9c400cd622f30e44b58a05057a9b762) Importer(815301076,1909f56bfc062723c751e8b465ee728b)
Start importing Assets/Particles/SlamEffect.prefab using Guid(b9c400cd622f30e44b58a05057a9b762) Importer(815301076,1909f56bfc062723c751e8b465ee728b)  -> (artifact id: '5fd3a2e4150ac9556181ba4ebdaf40db') in 0.007307 seconds 
  Import took 0.010070 seconds .

========================================================================
Received Import Request.
  Time since last request: 3.876341 seconds.
  path: Assets/Particles/SlamEffect.prefab
  artifactKey: Guid(b9c400cd622f30e44b58a05057a9b762) Importer(815301076,1909f56bfc062723c751e8b465ee728b)
Start importing Assets/Particles/SlamEffect.prefab using Guid(b9c400cd622f30e44b58a05057a9b762) Importer(815301076,1909f56bfc062723c751e8b465ee728b)  -> (artifact id: 'ad786b0fa89a739ea61eb6d41bcff28c') in 0.007605 seconds 
  Import took 0.010289 seconds .

========================================================================
Received Import Request.
  Time since last request: 52.310901 seconds.
  path: Assets/Particles/SlamEffect.prefab
  artifactKey: Guid(b9c400cd622f30e44b58a05057a9b762) Importer(815301076,1909f56bfc062723c751e8b465ee728b)
Start importing Assets/Particles/SlamEffect.prefab using Guid(b9c400cd622f30e44b58a05057a9b762) Importer(815301076,1909f56bfc062723c751e8b465ee728b)  -> (artifact id: 'd596b67c188c3e0c3b924a830b243ad0') in 0.008208 seconds 
  Import took 0.011234 seconds .

========================================================================
Received Import Request.
  Time since last request: 7.893926 seconds.
  path: Assets/Particles/SlamEffect.prefab
  artifactKey: Guid(b9c400cd622f30e44b58a05057a9b762) Importer(815301076,1909f56bfc062723c751e8b465ee728b)
Start importing Assets/Particles/SlamEffect.prefab using Guid(b9c400cd622f30e44b58a05057a9b762) Importer(815301076,1909f56bfc062723c751e8b465ee728b)  -> (artifact id: '54e8d43e51e62366a9b2d2f0232d0dc5') in 0.007557 seconds 
  Import took 0.010223 seconds .

========================================================================
Received Import Request.
  Time since last request: 4.889617 seconds.
  path: Assets/Particles/SlamEffect.prefab
  artifactKey: Guid(b9c400cd622f30e44b58a05057a9b762) Importer(815301076,1909f56bfc062723c751e8b465ee728b)
Start importing Assets/Particles/SlamEffect.prefab using Guid(b9c400cd622f30e44b58a05057a9b762) Importer(815301076,1909f56bfc062723c751e8b465ee728b)  -> (artifact id: '192baeb9254945faef30b67160915c53') in 0.007739 seconds 
  Import took 0.044878 seconds .

========================================================================
Received Import Request.
  Time since last request: 10.591104 seconds.
  path: Assets/Particles/SlamEffect.prefab
  artifactKey: Guid(b9c400cd622f30e44b58a05057a9b762) Importer(815301076,1909f56bfc062723c751e8b465ee728b)
Start importing Assets/Particles/SlamEffect.prefab using Guid(b9c400cd622f30e44b58a05057a9b762) Importer(815301076,1909f56bfc062723c751e8b465ee728b)  -> (artifact id: '70d76fd16a450bc0e3807302bab245d7') in 0.008573 seconds 
  Import took 0.011343 seconds .

========================================================================
Received Import Request.
  Time since last request: 9.955051 seconds.
  path: Assets/Particles/SlamEffect.prefab
  artifactKey: Guid(b9c400cd622f30e44b58a05057a9b762) Importer(815301076,1909f56bfc062723c751e8b465ee728b)
Start importing Assets/Particles/SlamEffect.prefab using Guid(b9c400cd622f30e44b58a05057a9b762) Importer(815301076,1909f56bfc062723c751e8b465ee728b)  -> (artifact id: 'd42fc22f9c31f6e17b69d29e823a535b') in 0.007587 seconds 
  Import took 0.010706 seconds .

========================================================================
Received Import Request.
  Time since last request: 5.099588 seconds.
  path: Assets/Particles/SlamEffect.prefab
  artifactKey: Guid(b9c400cd622f30e44b58a05057a9b762) Importer(815301076,1909f56bfc062723c751e8b465ee728b)
Start importing Assets/Particles/SlamEffect.prefab using Guid(b9c400cd622f30e44b58a05057a9b762) Importer(815301076,1909f56bfc062723c751e8b465ee728b)  -> (artifact id: 'c2e1eb3b187608f7aecc330a9836ef86') in 0.008118 seconds 
  Import took 0.011283 seconds .

========================================================================
Received Import Request.
  Time since last request: 5.034311 seconds.
  path: Assets/Particles/SlamEffect.prefab
  artifactKey: Guid(b9c400cd622f30e44b58a05057a9b762) Importer(815301076,1909f56bfc062723c751e8b465ee728b)
Start importing Assets/Particles/SlamEffect.prefab using Guid(b9c400cd622f30e44b58a05057a9b762) Importer(815301076,1909f56bfc062723c751e8b465ee728b)  -> (artifact id: '28cf2f38182e87fc6e373d3062fff740') in 0.007639 seconds 
  Import took 0.010350 seconds .

========================================================================
Received Import Request.
  Time since last request: 21.817006 seconds.
  path: Assets/Particles/SlamEffect.prefab
  artifactKey: Guid(b9c400cd622f30e44b58a05057a9b762) Importer(815301076,1909f56bfc062723c751e8b465ee728b)
Start importing Assets/Particles/SlamEffect.prefab using Guid(b9c400cd622f30e44b58a05057a9b762) Importer(815301076,1909f56bfc062723c751e8b465ee728b)  -> (artifact id: '8e3b97b59ffbf13ae575df697da4e24e') in 0.007426 seconds 
  Import took 0.010069 seconds .

========================================================================
Received Import Request.
  Time since last request: 3.590220 seconds.
  path: Assets/Particles/SlamEffect.prefab
  artifactKey: Guid(b9c400cd622f30e44b58a05057a9b762) Importer(815301076,1909f56bfc062723c751e8b465ee728b)
Start importing Assets/Particles/SlamEffect.prefab using Guid(b9c400cd622f30e44b58a05057a9b762) Importer(815301076,1909f56bfc062723c751e8b465ee728b)  -> (artifact id: '0007ce0431d248d7457890db9c1b3c54') in 0.007367 seconds 
  Import took 0.009791 seconds .

========================================================================
Received Import Request.
  Time since last request: 23.443262 seconds.
  path: Assets/Particles/SlamEffect.prefab
  artifactKey: Guid(b9c400cd622f30e44b58a05057a9b762) Importer(815301076,1909f56bfc062723c751e8b465ee728b)
Start importing Assets/Particles/SlamEffect.prefab using Guid(b9c400cd622f30e44b58a05057a9b762) Importer(815301076,1909f56bfc062723c751e8b465ee728b)  -> (artifact id: '037633c4bc99dbdaa7bb8a2297ef2559') in 0.008886 seconds 
  Import took 0.011431 seconds .

========================================================================
Received Import Request.
  Time since last request: 10.839641 seconds.
  path: Assets/Particles/SlamEffect.prefab
  artifactKey: Guid(b9c400cd622f30e44b58a05057a9b762) Importer(815301076,1909f56bfc062723c751e8b465ee728b)
Start importing Assets/Particles/SlamEffect.prefab using Guid(b9c400cd622f30e44b58a05057a9b762) Importer(815301076,1909f56bfc062723c751e8b465ee728b)  -> (artifact id: 'f39c25143b444373391d82a2dbedfcf6') in 0.008011 seconds 
  Import took 0.011176 seconds .

========================================================================
Received Import Request.
  Time since last request: 18.829430 seconds.
  path: Assets/Particles/SlamEffect.prefab
  artifactKey: Guid(b9c400cd622f30e44b58a05057a9b762) Importer(815301076,1909f56bfc062723c751e8b465ee728b)
Start importing Assets/Particles/SlamEffect.prefab using Guid(b9c400cd622f30e44b58a05057a9b762) Importer(815301076,1909f56bfc062723c751e8b465ee728b)  -> (artifact id: 'dceaeeb73ebc027ec58181f7c9f878da') in 0.008383 seconds 
  Import took 0.010974 seconds .

========================================================================
Received Import Request.
  Time since last request: 8.011322 seconds.
  path: Assets/Particles/SlamEffect.prefab
  artifactKey: Guid(b9c400cd622f30e44b58a05057a9b762) Importer(815301076,1909f56bfc062723c751e8b465ee728b)
Start importing Assets/Particles/SlamEffect.prefab using Guid(b9c400cd622f30e44b58a05057a9b762) Importer(815301076,1909f56bfc062723c751e8b465ee728b)  -> (artifact id: '1c66136f3344811fa6461323ac430de6') in 0.007580 seconds 
  Import took 0.010475 seconds .

========================================================================
Received Import Request.
  Time since last request: 5.274466 seconds.
  path: Assets/Particles/SlamEffect.prefab
  artifactKey: Guid(b9c400cd622f30e44b58a05057a9b762) Importer(815301076,1909f56bfc062723c751e8b465ee728b)
Start importing Assets/Particles/SlamEffect.prefab using Guid(b9c400cd622f30e44b58a05057a9b762) Importer(815301076,1909f56bfc062723c751e8b465ee728b)  -> (artifact id: '3190683fadb89f05687eda7be6b2b6e1') in 0.008431 seconds 
  Import took 0.011205 seconds .

========================================================================
Received Import Request.
  Time since last request: 10.394574 seconds.
  path: Assets/Particles/SlamEffect.prefab
  artifactKey: Guid(b9c400cd622f30e44b58a05057a9b762) Importer(815301076,1909f56bfc062723c751e8b465ee728b)
Start importing Assets/Particles/SlamEffect.prefab using Guid(b9c400cd622f30e44b58a05057a9b762) Importer(815301076,1909f56bfc062723c751e8b465ee728b)  -> (artifact id: '21869c7d0bcdce4c59000709c93dad12') in 0.008497 seconds 
  Import took 0.010940 seconds .

========================================================================
Received Import Request.
  Time since last request: 11.775742 seconds.
  path: Assets/Particles/SlamEffect.prefab
  artifactKey: Guid(b9c400cd622f30e44b58a05057a9b762) Importer(815301076,1909f56bfc062723c751e8b465ee728b)
Start importing Assets/Particles/SlamEffect.prefab using Guid(b9c400cd622f30e44b58a05057a9b762) Importer(815301076,1909f56bfc062723c751e8b465ee728b)  -> (artifact id: '5ebc172c26ea1fcb8ef8cf9d888284e9') in 0.008179 seconds 
  Import took 0.010529 seconds .

========================================================================
Received Import Request.
  Time since last request: 47.763534 seconds.
  path: Assets/Particles/SlamEffect.prefab
  artifactKey: Guid(b9c400cd622f30e44b58a05057a9b762) Importer(815301076,1909f56bfc062723c751e8b465ee728b)
Start importing Assets/Particles/SlamEffect.prefab using Guid(b9c400cd622f30e44b58a05057a9b762) Importer(815301076,1909f56bfc062723c751e8b465ee728b)  -> (artifact id: 'ea1907917e2a0c00f34739d29fee4b5a') in 0.008985 seconds 
  Import took 0.011884 seconds .

AssetImportWorkerClient::OnTransportError - code=2 error=End of file
